2022-05-10 22:43:39.389  INFO 10480 --- [main] com.api.sportyShoes.SportyShoes          : Starting SportyShoes on DESKTOP-T0I291B with PID 10480 (C:\Users\LENOVO\Downloads\sporty_shoes-master\sporty_shoes-master\target\classes started by LENOVO in C:\Users\LENOVO\Downloads\sporty_shoes-master\sporty_shoes-master)
2022-05-10 22:43:39.453  INFO 10480 --- [main] com.api.sportyShoes.SportyShoes          : No active profile set, falling back to default profiles: default
2022-05-10 22:43:47.288  INFO 10480 --- [main] .s.d.r.c.RepositoryConfigurationDelegate : Bootstrapping Spring Data JPA repositories in DEFAULT mode.
2022-05-10 22:43:47.912  INFO 10480 --- [main] .s.d.r.c.RepositoryConfigurationDelegate : Finished Spring Data repository scanning in 492ms. Found 2 JPA repository interfaces.
2022-05-10 22:43:51.392  INFO 10480 --- [main] o.s.b.w.embedded.tomcat.TomcatWebServer  : Tomcat initialized with port(s): 4000 (http)
2022-05-10 22:43:51.483  INFO 10480 --- [main] o.apache.catalina.core.StandardService   : Starting service [Tomcat]
2022-05-10 22:43:51.486  INFO 10480 --- [main] org.apache.catalina.core.StandardEngine  : Starting Servlet engine: [Apache Tomcat/9.0.38]
2022-05-10 22:43:52.218  INFO 10480 --- [main] o.a.c.c.C.[Tomcat].[localhost].[/]       : Initializing Spring embedded WebApplicationContext
2022-05-10 22:43:52.220  INFO 10480 --- [main] w.s.c.ServletWebServerApplicationContext : Root WebApplicationContext: initialization completed in 12134 ms
2022-05-10 22:43:52.421  INFO 10480 --- [main] com.zaxxer.hikari.HikariDataSource       : HikariPool-1 - Starting...
2022-05-10 22:43:53.233  INFO 10480 --- [main] com.zaxxer.hikari.HikariDataSource       : HikariPool-1 - Start completed.
2022-05-10 22:43:53.252  INFO 10480 --- [main] o.s.b.a.h2.H2ConsoleAutoConfiguration    : H2 console available at '/h2'. Database available at 'jdbc:h2:mem:testdb'
2022-05-10 22:43:54.328  INFO 10480 --- [main] o.hibernate.jpa.internal.util.LogHelper  : HHH000204: Processing PersistenceUnitInfo [name: default]
2022-05-10 22:43:54.955  INFO 10480 --- [main] org.hibernate.Version                    : HHH000412: Hibernate ORM core version 5.4.21.Final
2022-05-10 22:43:56.415  INFO 10480 --- [main] o.hibernate.annotations.common.Version   : HCANN000001: Hibernate Commons Annotations {5.1.0.Final}
2022-05-10 22:43:57.328  INFO 10480 --- [main] org.hibernate.dialect.Dialect            : HHH000400: Using dialect: org.hibernate.dialect.H2Dialect
2022-05-10 22:44:00.727  INFO 10480 --- [main] o.h.e.t.j.p.i.JtaPlatformInitiator       : HHH000490: Using JtaPlatform implementation: [org.hibernate.engine.transaction.jta.platform.internal.NoJtaPlatform]
2022-05-10 22:44:00.773  INFO 10480 --- [main] j.LocalContainerEntityManagerFactoryBean : Initialized JPA EntityManagerFactory for persistence unit 'default'
2022-05-10 22:44:00.992  WARN 10480 --- [main] JpaBaseConfiguration$JpaWebConfiguration : spring.jpa.open-in-view is enabled by default. Therefore, database queries may be performed during view rendering. Explicitly configure spring.jpa.open-in-view to disable this warning
2022-05-10 22:44:04.786  INFO 10480 --- [main] o.s.s.web.DefaultSecurityFilterChain     : Creating filter chain: any request, [org.springframework.security.web.context.request.async.WebAsyncManagerIntegrationFilter@6d77d269, org.springframework.security.web.context.SecurityContextPersistenceFilter@49faf815, org.springframework.security.web.header.HeaderWriterFilter@22bca04e, org.springframework.security.web.authentication.logout.LogoutFilter@77604a86, org.springframework.security.web.authentication.www.BasicAuthenticationFilter@16269ff4, org.springframework.security.web.savedrequest.RequestCacheAwareFilter@16257f8c, org.springframework.security.web.servletapi.SecurityContextHolderAwareRequestFilter@62ba3045, org.springframework.security.web.authentication.AnonymousAuthenticationFilter@350d9d23, org.springframework.security.web.session.SessionManagementFilter@6d40a2b, org.springframework.security.web.access.ExceptionTranslationFilter@5418893c, org.springframework.security.web.access.intercept.FilterSecurityInterceptor@38318d67]
2022-05-10 22:44:04.867  INFO 10480 --- [main] pertySourcedRequestMappingHandlerMapping : Mapped URL path [/v2/api-docs] onto method [springfox.documentation.swagger2.web.Swagger2Controller#getDocumentation(String, HttpServletRequest)]
2022-05-10 22:44:05.346  INFO 10480 --- [main] o.s.s.concurrent.ThreadPoolTaskExecutor  : Initializing ExecutorService 'applicationTaskExecutor'
2022-05-10 22:44:05.772  INFO 10480 --- [main] d.s.w.p.DocumentationPluginsBootstrapper : Context refreshed
2022-05-10 22:44:05.857  INFO 10480 --- [main] d.s.w.p.DocumentationPluginsBootstrapper : Found 1 custom documentation plugin(s)
2022-05-10 22:44:06.079  INFO 10480 --- [main] s.d.s.w.s.ApiListingReferenceScanner     : Scanning for api listing references
2022-05-10 22:44:07.294  INFO 10480 --- [main] o.s.b.w.embedded.tomcat.TomcatWebServer  : Tomcat started on port(s): 4000 (http) with context path ''
2022-05-10 22:44:07.315  INFO 10480 --- [main] com.api.sportyShoes.SportyShoes          : Started SportyShoes in 32.103 seconds (JVM running for 34.687)
2022-05-10 22:49:55.290  INFO 10480 --- [http-nio-4000-exec-1] o.a.c.c.C.[Tomcat].[localhost].[/]       : Initializing Spring DispatcherServlet 'dispatcherServlet'
2022-05-10 22:49:55.294  INFO 10480 --- [http-nio-4000-exec-1] o.s.web.servlet.DispatcherServlet        : Initializing Servlet 'dispatcherServlet'
2022-05-10 22:49:55.447  INFO 10480 --- [http-nio-4000-exec-1] o.s.web.servlet.DispatcherServlet        : Completed initialization in 149 ms
